<?xml version="1.0" encoding="UTF-8"?>
<!-- Generated by org.testng.reporters.JUnitReportReporter -->
<testsuite skipped="0" hostname="PC-PC" name="crud.Apsrtc" tests="1" failures="0" timestamp="17 Jul 2018 09:49:20 GMT" time="6.688" errors="0">
  <testcase name="search" time="6.688" classname="crud.Apsrtc"/>
</testsuite> <!-- crud.Apsrtc -->
