<?xml version="1.0" encoding="UTF-8"?>
<!-- Generated by org.testng.reporters.JUnitReportReporter -->
<testsuite skipped="0" hostname="NSSSKKISHORE-PC" name="Ex" tests="1" failures="0" timestamp="07 Jun 2018 11:06:05 GMT" time="9.482" errors="0">
  <testcase name="m" time="9.482" classname="Ex"/>
</testsuite> <!-- Ex -->
