<?xml version="1.0" encoding="UTF-8"?>
<!-- Generated by org.testng.reporters.JUnitReportReporter -->
<testsuite hostname="PC-PC" name="selenium.Download" tests="1" failures="0" timestamp="30 May 2018 08:58:46 GMT" time="19.410" errors="0">
  <testcase name="m" time="19.410" classname="selenium.Download"/>
</testsuite> <!-- selenium.Download -->
