<?xml version="1.0" encoding="UTF-8"?>
<!-- Generated by org.testng.reporters.JUnitReportReporter -->
<testsuite hostname="PC-PC" name="selenium.GetBrokenLinks" tests="1" failures="0" timestamp="15 May 2018 10:50:56 GMT" time="0.024" errors="0">
  <testcase name="verifyInvalidLinks" time="0.024" classname="selenium.GetBrokenLinks"/>
</testsuite> <!-- selenium.GetBrokenLinks -->
