<?xml version="1.0" encoding="UTF-8"?>
<!-- Generated by org.testng.reporters.JUnitReportReporter -->
<testsuite hostname="PC-PC" name="selenium.Sikuli" tests="1" failures="0" timestamp="11 Jun 2018 10:13:59 GMT" time="2.177" errors="0">
  <testcase name="m" time="2.177" classname="selenium.Sikuli"/>
</testsuite> <!-- selenium.Sikuli -->
