<?xml version="1.0" encoding="UTF-8"?>
<!-- Generated by org.testng.reporters.JUnitReportReporter -->
<testsuite hostname="PC-PC" name="selenium.MultiBrowser" tests="3" failures="0" timestamp="5 Jun 2018 08:26:30 GMT" time="93.638" errors="0">
  <testcase name="last" time="38.917" classname="selenium.MultiBrowser"/>
  <testcase name="first" time="44.581" classname="selenium.MultiBrowser"/>
  <testcase name="second" time="10.140" classname="selenium.MultiBrowser"/>
</testsuite> <!-- selenium.MultiBrowser -->
