<?xml version="1.0" encoding="UTF-8"?>
<!-- Generated by org.testng.reporters.JUnitReportReporter -->
<testsuite hostname="PC-PC" name="selenium.ScreenShot" tests="1" failures="0" timestamp="17 May 2018 09:36:35 GMT" time="17.544" errors="0">
  <testcase name="shot" time="17.544" classname="selenium.ScreenShot"/>
</testsuite> <!-- selenium.ScreenShot -->
