<?xml version="1.0" encoding="UTF-8"?>
<!-- Generated by org.testng.reporters.JUnitReportReporter -->
<testsuite hostname="PC-PC" name="selenium.CrossTesting" tests="2" failures="0" timestamp="6 Jun 2018 08:09:11 GMT" time="7.207" errors="0">
  <testcase name="login" time="4.350" classname="selenium.CrossTesting"/>
  <testcase name="login" time="2.857" classname="selenium.CrossTesting"/>
</testsuite> <!-- selenium.CrossTesting -->
